c:\users\дзарук\source\repos\lab13\lab13\debug\vc142.pdb
c:\users\дзарук\source\repos\lab13\lab13\debug\vc142.idb
c:\users\дзарук\source\repos\lab13\lab13\debug\main.obj
c:\users\дзарук\source\repos\lab13\lab13\debug\glshader.obj
c:\users\дзарук\source\repos\lab13\debug\lab13.exe
c:\users\дзарук\source\repos\lab13\debug\lab13.ilk
c:\users\дзарук\source\repos\lab13\debug\lab13.pdb
c:\users\дзарук\source\repos\lab13\lab13\debug\lab13.tlog\cl.command.1.tlog
c:\users\дзарук\source\repos\lab13\lab13\debug\lab13.tlog\cl.read.1.tlog
c:\users\дзарук\source\repos\lab13\lab13\debug\lab13.tlog\cl.write.1.tlog
c:\users\дзарук\source\repos\lab13\lab13\debug\lab13.tlog\link-cvtres.read.1.tlog
c:\users\дзарук\source\repos\lab13\lab13\debug\lab13.tlog\link-cvtres.write.1.tlog
c:\users\дзарук\source\repos\lab13\lab13\debug\lab13.tlog\link-rc.read.1.tlog
c:\users\дзарук\source\repos\lab13\lab13\debug\lab13.tlog\link-rc.write.1.tlog
c:\users\дзарук\source\repos\lab13\lab13\debug\lab13.tlog\link.7780-cvtres.read.1.tlog
c:\users\дзарук\source\repos\lab13\lab13\debug\lab13.tlog\link.7780-cvtres.write.1.tlog
c:\users\дзарук\source\repos\lab13\lab13\debug\lab13.tlog\link.7780-rc.read.1.tlog
c:\users\дзарук\source\repos\lab13\lab13\debug\lab13.tlog\link.7780-rc.write.1.tlog
c:\users\дзарук\source\repos\lab13\lab13\debug\lab13.tlog\link.7780.read.1.tlog
c:\users\дзарук\source\repos\lab13\lab13\debug\lab13.tlog\link.7780.write.1.tlog
c:\users\дзарук\source\repos\lab13\lab13\debug\lab13.tlog\link.command.1.tlog
c:\users\дзарук\source\repos\lab13\lab13\debug\lab13.tlog\link.read.1.tlog
c:\users\дзарук\source\repos\lab13\lab13\debug\lab13.tlog\link.write.1.tlog
